app/mapping.txt
com.material.travel.APIService -> com.material.travel.APIService:
    rx.Observable queryIdCard(java.lang.String,java.lang.String) -> queryIdCard
    rx.Observable queryTravelLists(java.lang.String,java.lang.String,int) -> queryTravelLists
    rx.Observable postIdCard(java.util.Map) -> postIdCard
    rx.Observable loginSubmit(com.material.travel.model.UserModel) -> loginSubmit
    retrofit.Call downloadFile(java.lang.String) -> downloadFile
com.material.travel.BaseActivity -> com.material.travel.a:
    android.support.v7.widget.Toolbar mToolbar -> n
    android.widget.TextView titleView -> o
    com.material.mylibrary.ui.AVLoadingIndicatorView progress -> p
    android.content.Context context -> q
    com.material.travel.app.MyApplication mApp -> r
    android.os.Handler mHandler -> s
    void <init>() -> <init>
    void onCreate(android.os.Bundle) -> onCreate
    void setContentView(int) -> setContentView
    void setTranslucentStatus(boolean) -> b
    boolean onOptionsItemSelected(android.view.MenuItem) -> onOptionsItemSelected
    void onDestroy() -> onDestroy
    void showDialog() -> k
    void dismissDialog() -> l
com.material.travel.BaseActivity$1 -> com.material.travel.b:
    com.material.travel.BaseActivity this$0 -> a
    void <init>(com.material.travel.BaseActivity) -> <init>
    void run() -> run
com.material.travel.BaseActivity$SafeHandler -> com.material.travel.c:
    java.lang.ref.WeakReference mActivity -> a
    void <init>(android.app.Activity) -> <init>
    void handleMessage(android.os.Message) -> handleMessage
com.material.travel.Http.ProgressListener -> com.material.travel.a.a:
    void onProgress(long,long,boolean) -> a
com.material.travel.Http.ProgressResponseBody -> com.material.travel.a.b:
    com.squareup.okhttp.ResponseBody responseBody -> a
    com.material.travel.Http.ProgressListener progressListener -> b
    okio.BufferedSource bufferedSource -> c
    void <init>(com.squareup.okhttp.ResponseBody,com.material.travel.Http.ProgressListener) -> <init>
    com.squareup.okhttp.MediaType contentType() -> contentType
    long contentLength() -> contentLength
    okio.BufferedSource source() -> source
    okio.Source source(okio.Source) -> a
    com.material.travel.Http.ProgressListener access$000(com.material.travel.Http.ProgressResponseBody) -> a
    com.squareup.okhttp.ResponseBody access$100(com.material.travel.Http.ProgressResponseBody) -> b
com.material.travel.Http.ProgressResponseBody$1 -> com.material.travel.a.c:
    long totalBytesRead -> a
    com.material.travel.Http.ProgressResponseBody this$0 -> b
    void <init>(com.material.travel.Http.ProgressResponseBody,okio.Source) -> <init>
    long read(okio.Buffer,long) -> read
com.material.travel.Http.RetrofitUtils -> com.material.travel.a.d:
    retrofit.Retrofit singleIntance -> a
    com.squareup.okhttp.OkHttpClient internalClient -> b
    com.squareup.okhttp.OkHttpClient okHttpClient -> c
    void <init>() -> <init>
    retrofit.Retrofit getSingleIntance(java.lang.String) -> a
    com.squareup.okhttp.OkHttpClient getOkHttpClient() -> a
    java.lang.String bodyToString(com.squareup.okhttp.Request) -> b
    java.lang.String access$100(com.squareup.okhttp.Request) -> a
    void <clinit>() -> <clinit>
com.material.travel.Http.RetrofitUtils$1 -> com.material.travel.a.e:
    com.material.travel.Http.ProgressListener val$progressListener -> a
    com.squareup.okhttp.Response intercept(com.squareup.okhttp.Interceptor$Chain) -> intercept
com.material.travel.Http.RetrofitUtils$LoggingInterceptor -> com.material.travel.a.f:
    void <init>() -> <init>
    com.squareup.okhttp.Response intercept(com.squareup.okhttp.Interceptor$Chain) -> intercept
    void <init>(com.material.travel.Http.RetrofitUtils$1) -> <init>
...
rx.internal.operators.OperatorAsObservable$Holder -> rx.internal.operators.OperatorAsObservable$Holder:
    rx.internal.operators.OperatorAsObservable INSTANCE -> INSTANCE
    void <init>() -> <init>
    void <clinit>() -> <clinit>
rx.internal.operators.OperatorBufferWithSingleObservable -> rx.internal.operators.OperatorBufferWithSingleObservable:
    rx.functions.Func0 bufferClosingSelector -> bufferClosingSelector
    int initialCapacity -> initialCapacity
    void <init>(rx.functions.Func0,int) -> <init>
    void <init>(rx.Observable,int) -> <init>
    rx.Subscriber call(rx.Subscriber) -> call
    java.lang.Object call(java.lang.Object) -> call
rx.internal.operators.OperatorBufferWithSingleObservable$1 -> rx.internal.operators.OperatorBufferWithSingleObservable$1:
    rx.Observable val$bufferClosing -> val$bufferClosing
    rx.internal.operators.OperatorBufferWithSingleObservable this$0 -> this$0
    void <init>(rx.internal.operators.OperatorBufferWithSingleObservable,rx.Observable) -> <init>
    rx.Observable call() -> call
    java.lang.Object call() -> call
rx.internal.operators.OperatorBufferWithSingleObservable$2 -> rx.internal.operators.OperatorBufferWithSingleObservable$2:
    rx.internal.operators.OperatorBufferWithSingleObservable$BufferingSubscriber val$bsub -> val$bsub
    rx.internal.operators.OperatorBufferWithSingleObservable this$0 -> this$0
    void <init>(rx.internal.operators.OperatorBufferWithSingleObservable,rx.internal.operators.OperatorBufferWithSingleObservable$BufferingSubscriber) -> <init>
    void onNext(java.lang.Object) -> onNext
    void onError(java.lang.Throwable) -> onError
    void onCompleted() -> onCompleted
rx.internal.operators.OperatorBufferWithSingleObservable$BufferingSubscriber -> rx.internal.operators.OperatorBufferWithSingleObservable$BufferingSubscriber:
    rx.Subscriber child -> child
    java.util.List chunk -> chunk
    boolean done -> done
    rx.internal.operators.OperatorBufferWithSingleObservable this$0 -> this$0
    void <init>(rx.internal.operators.OperatorBufferWithSingleObservable,rx.Subscriber) -> <init>
    void onNext(java.lang.Object) -> onNext
    void onError(java.lang.Throwable) -> onError
    void onCompleted() -> onCompleted
    void emit() -> emit
rx.internal.operators.OperatorBufferWithSize -> rx.internal.operators.OperatorBufferWithSize:
    int count -> count
    int skip -> skip
    void <init>(int,int) -> <init>
    rx.Subscriber call(rx.Subscriber) -> call
    java.lang.Object call(java.lang.Object) -> call
rx.internal.operators.OperatorBufferWithSize$1 -> rx.internal.operators.OperatorBufferWithSize$1:
    java.util.List buffer -> buffer
    rx.Subscriber val$child -> val$child
    rx.internal.operators.OperatorBufferWithSize this$0 -> this$0
    void <init>(rx.internal.operators.OperatorBufferWithSize,rx.Subscriber,rx.Subscriber) -> <init>
    void setProducer(rx.Producer) -> setProducer
    void onNext(java.lang.Object) -> onNext
    void onError(java.lang.Throwable) -> onError
    void onCompleted() -> onCompleted
rx.internal.operators.OperatorBufferWithSize$1$1 -> rx.internal.operators.OperatorBufferWithSize$1$1:
    boolean infinite -> infinite
    rx.Producer val$producer -> val$producer
    rx.internal.operators.OperatorBufferWithSize$1 this$1 -> this$1
    void <init>(rx.internal.operators.OperatorBufferWithSize$1,rx.Producer) -> <init>
    void request(long) -> request
rx.internal.operators.OperatorBufferWithSize$2 -> rx.internal.operators.OperatorBufferWithSize$2:
    java.util.List chunks -> chunks
    int index -> index
    rx.Subscriber val$child -> val$child
    rx.internal.operators.OperatorBufferWithSize this$0 -> this$0
    void <init>(rx.internal.operators.OperatorBufferWithSize,rx.Subscriber,rx.Subscriber) -> <init>
    void setProducer(rx.Producer) -> setProducer
    void onNext(java.lang.Object) -> onNext
    void onError(java.lang.Throwable) -> onError
    void onCompleted() -> onCompleted